# JRE version: OpenJDK Runtime Environment (18.0.2+9) (build 18.0.2+9-61)
# Java VM: OpenJDK 64-Bit Server VM (18.0.2+9-61, mixed mode, sharing, tiered, compressed oops, compressed class ptrs, g1 gc, linux-amd64)
Heap:
 garbage-first heap   total 249856K, used 148095K [0x0000000710200000, 0x0000000800000000)
  region size 2048K, 19 young (38912K), 2 survivors (4096K)
 Metaspace       used 17966K, committed 18304K, reserved 1114112K
  class space    used 1880K, committed 2048K, reserved 1048576K
GC Heap History (12 events):
Event: 0.826 GC heap before
{Heap before GC invocations=0 (full 0):
 garbage-first heap   total 249856K, used 24492K [0x0000000710200000, 0x0000000800000000)
  region size 2048K, 11 young (22528K), 0 survivors (0K)
 Metaspace       used 11687K, committed 11968K, reserved 1114112K
  class space    used 1286K, committed 1408K, reserved 1048576K
}
Event: 0.833 GC heap after
{Heap after GC invocations=1 (full 0):
 garbage-first heap   total 249856K, used 5816K [0x0000000710200000, 0x0000000800000000)
  region size 2048K, 2 young (4096K), 2 survivors (4096K)
 Metaspace       used 11687K, committed 11968K, reserved 1114112K
  class space    used 1286K, committed 1408K, reserved 1048576K
}
Event: 1.273 GC heap before
{Heap before GC invocations=1 (full 0):
 garbage-first heap   total 249856K, used 106168K [0x0000000710200000, 0x0000000800000000)
  region size 2048K, 18 young (36864K), 2 survivors (4096K)
 Metaspace       used 15827K, committed 16128K, reserved 1114112K
  class space    used 1742K, committed 1920K, reserved 1048576K
}
Event: 1.281 GC heap after
{Heap after GC invocations=2 (full 0):
 garbage-first heap   total 249856K, used 81102K [0x0000000710200000, 0x0000000800000000)
  region size 2048K, 3 young (6144K), 3 survivors (6144K)
 Metaspace       used 15827K, committed 16128K, reserved 1114112K
  class space    used 1742K, committed 1920K, reserved 1048576K
}
Event: 2.908 GC heap before
{Heap before GC invocations=2 (full 0):
 garbage-first heap   total 249856K, used 124110K [0x0000000710200000, 0x0000000800000000)
  region size 2048K, 13 young (26624K), 3 survivors (6144K)
 Metaspace       used 17155K, committed 17408K, reserved 1114112K
  class space    used 1859K, committed 1984K, reserved 1048576K
}
Event: 2.912 GC heap after
{Heap after GC invocations=3 (full 0):
 garbage-first heap   total 249856K, used 107320K [0x0000000710200000, 0x0000000800000000)
  region size 2048K, 3 young (6144K), 3 survivors (6144K)
 Metaspace       used 17155K, committed 17408K, reserved 1114112K
  class space    used 1859K, committed 1984K, reserved 1048576K
}
Event: 3.141 GC heap before
{Heap before GC invocations=3 (full 0):
 garbage-first heap   total 249856K, used 115512K [0x0000000710200000, 0x0000000800000000)
  region size 2048K, 5 young (10240K), 3 survivors (6144K)
 Metaspace       used 17207K, committed 17472K, reserved 1114112K
  class space    used 1865K, committed 1984K, reserved 1048576K
}
Event: 3.144 GC heap after
{Heap after GC invocations=4 (full 0):
 garbage-first heap   total 249856K, used 97798K [0x0000000710200000, 0x0000000800000000)
  region size 2048K, 2 young (4096K), 2 survivors (4096K)
 Metaspace       used 17207K, committed 17472K, reserved 1114112K
  class space    used 1865K, committed 1984K, reserved 1048576K
}
Event: 3.146 GC heap before
{Heap before GC invocations=4 (full 0):
 garbage-first heap   total 249856K, used 105990K [0x0000000710200000, 0x0000000800000000)
  region size 2048K, 3 young (6144K), 2 survivors (4096K)
 Metaspace       used 17207K, committed 17472K, reserved 1114112K
  class space    used 1865K, committed 1984K, reserved 1048576K
}
Event: 3.147 GC heap after
{Heap after GC invocations=5 (full 0):
 garbage-first heap   total 249856K, used 105934K [0x0000000710200000, 0x0000000800000000)
  region size 2048K, 2 young (4096K), 2 survivors (4096K)
 Metaspace       used 17207K, committed 17472K, reserved 1114112K
  class space    used 1865K, committed 1984K, reserved 1048576K
}
Event: 3.149 GC heap before
{Heap before GC invocations=5 (full 0):
 garbage-first heap   total 249856K, used 114126K [0x0000000710200000, 0x0000000800000000)
  region size 2048K, 3 young (6144K), 2 survivors (4096K)
 Metaspace       used 17208K, committed 17472K, reserved 1114112K
  class space    used 1865K, committed 1984K, reserved 1048576K
}
Event: 3.151 GC heap after
{Heap after GC invocations=6 (full 0):
 garbage-first heap   total 249856K, used 106109K [0x0000000710200000, 0x0000000800000000)
  region size 2048K, 2 young (4096K), 2 survivors (4096K)
 Metaspace       used 17208K, committed 17472K, reserved 1114112K
  class space    used 1865K, committed 1984K, reserved 1048576K
}

