# JRE version: OpenJDK Runtime Environment (18.0.2+9) (build 18.0.2+9-61)
# Java VM: OpenJDK 64-Bit Server VM (18.0.2+9-61, mixed mode, sharing, tiered, compressed oops, compressed class ptrs, g1 gc, linux-amd64)
Heap:
 garbage-first heap   total 249856K, used 166482K [0x0000000710200000, 0x0000000800000000)
  region size 2048K, 27 young (55296K), 2 survivors (4096K)
 Metaspace       used 18190K, committed 18432K, reserved 1114112K
  class space    used 1888K, committed 1984K, reserved 1048576K
GC Heap History (12 events):
Event: 1.020 GC heap before
{Heap before GC invocations=0 (full 0):
 garbage-first heap   total 249856K, used 24492K [0x0000000710200000, 0x0000000800000000)
  region size 2048K, 11 young (22528K), 0 survivors (0K)
 Metaspace       used 11657K, committed 11904K, reserved 1114112K
  class space    used 1286K, committed 1408K, reserved 1048576K
}
Event: 1.026 GC heap after
{Heap after GC invocations=1 (full 0):
 garbage-first heap   total 249856K, used 5688K [0x0000000710200000, 0x0000000800000000)
  region size 2048K, 2 young (4096K), 2 survivors (4096K)
 Metaspace       used 11657K, committed 11904K, reserved 1114112K
  class space    used 1286K, committed 1408K, reserved 1048576K
}
Event: 1.915 GC heap before
{Heap before GC invocations=1 (full 0):
 garbage-first heap   total 249856K, used 108088K [0x0000000710200000, 0x0000000800000000)
  region size 2048K, 19 young (38912K), 2 survivors (4096K)
 Metaspace       used 15837K, committed 16128K, reserved 1114112K
  class space    used 1744K, committed 1920K, reserved 1048576K
}
Event: 1.922 GC heap after
{Heap after GC invocations=2 (full 0):
 garbage-first heap   total 249856K, used 80467K [0x0000000710200000, 0x0000000800000000)
  region size 2048K, 3 young (6144K), 3 survivors (6144K)
 Metaspace       used 15837K, committed 16128K, reserved 1114112K
  class space    used 1744K, committed 1920K, reserved 1048576K
}
Event: 4.651 GC heap before
{Heap before GC invocations=2 (full 0):
 garbage-first heap   total 249856K, used 123475K [0x0000000710200000, 0x0000000800000000)
  region size 2048K, 13 young (26624K), 3 survivors (6144K)
 Metaspace       used 17246K, committed 17472K, reserved 1114112K
  class space    used 1861K, committed 1984K, reserved 1048576K
}
Event: 4.654 GC heap after
{Heap after GC invocations=3 (full 0):
 garbage-first heap   total 249856K, used 108416K [0x0000000710200000, 0x0000000800000000)
  region size 2048K, 4 young (8192K), 4 survivors (8192K)
 Metaspace       used 17246K, committed 17472K, reserved 1114112K
  class space    used 1861K, committed 1984K, reserved 1048576K
}
Event: 4.891 GC heap before
{Heap before GC invocations=3 (full 0):
 garbage-first heap   total 249856K, used 118656K [0x0000000710200000, 0x0000000800000000)
  region size 2048K, 6 young (12288K), 4 survivors (8192K)
 Metaspace       used 17295K, committed 17536K, reserved 1114112K
  class space    used 1865K, committed 1984K, reserved 1048576K
}
Event: 4.896 GC heap after
{Heap after GC invocations=4 (full 0):
 garbage-first heap   total 249856K, used 99074K [0x0000000710200000, 0x0000000800000000)
  region size 2048K, 2 young (4096K), 2 survivors (4096K)
 Metaspace       used 17295K, committed 17536K, reserved 1114112K
  class space    used 1865K, committed 1984K, reserved 1048576K
}
Event: 4.897 GC heap before
{Heap before GC invocations=4 (full 0):
 garbage-first heap   total 249856K, used 107266K [0x0000000710200000, 0x0000000800000000)
  region size 2048K, 3 young (6144K), 2 survivors (4096K)
 Metaspace       used 17296K, committed 17536K, reserved 1114112K
  class space    used 1865K, committed 1984K, reserved 1048576K
}
Event: 4.899 GC heap after
{Heap after GC invocations=5 (full 0):
 garbage-first heap   total 249856K, used 107069K [0x0000000710200000, 0x0000000800000000)
  region size 2048K, 2 young (4096K), 2 survivors (4096K)
 Metaspace       used 17296K, committed 17536K, reserved 1114112K
  class space    used 1865K, committed 1984K, reserved 1048576K
}
Event: 4.901 GC heap before
{Heap before GC invocations=5 (full 0):
 garbage-first heap   total 249856K, used 115261K [0x0000000710200000, 0x0000000800000000)
  region size 2048K, 3 young (6144K), 2 survivors (4096K)
 Metaspace       used 17296K, committed 17536K, reserved 1114112K
  class space    used 1865K, committed 1984K, reserved 1048576K
}
Event: 4.903 GC heap after
{Heap after GC invocations=6 (full 0):
 garbage-first heap   total 249856K, used 107189K [0x0000000710200000, 0x0000000800000000)
  region size 2048K, 2 young (4096K), 2 survivors (4096K)
 Metaspace       used 17296K, committed 17536K, reserved 1114112K
  class space    used 1865K, committed 1984K, reserved 1048576K
}

